This is pdfTeX, Version 3.1415926-2.3-1.40.12 (TeX Live 2011) (format=pdflatex 2011.9.8)  8 NOV 2015 16:00
entering extended mode
 restricted \write18 enabled.
 %&-line parsing enabled.
**main
(./main.tex
LaTeX2e <2011/06/27>
Babel <v3.8m> and hyphenation patterns for english, dumylang, nohyphenation, ge
rman-x-2011-07-01, ngerman-x-2011-07-01, afrikaans, ancientgreek, ibycus, arabi
c, armenian, basque, bulgarian, catalan, pinyin, coptic, croatian, czech, danis
h, dutch, ukenglish, usenglishmax, esperanto, estonian, ethiopic, farsi, finnis
h, french, galician, german, ngerman, swissgerman, monogreek, greek, hungarian,
 icelandic, assamese, bengali, gujarati, hindi, kannada, malayalam, marathi, or
iya, panjabi, tamil, telugu, indonesian, interlingua, irish, italian, kurmanji,
 lao, latin, latvian, lithuanian, mongolian, mongolianlmc, bokmal, nynorsk, pol
ish, portuguese, romanian, russian, sanskrit, serbian, serbianc, slovak, sloven
ian, spanish, swedish, turkish, turkmen, ukrainian, uppersorbian, welsh, loaded
.
(./jpaper.cls
Document Class: jpaper 2012/08/02 ISCA Submission template

(/afs/cs.wisc.edu/s/texlive-2011/amd64_rhel5/texmf-dist/tex/latex/etoolbox/etoo
lbox.sty
Package: etoolbox 2011/01/03 v2.1 e-TeX tools for LaTeX

(/afs/cs.wisc.edu/s/texlive-2011/amd64_rhel5/texmf-dist/tex/latex/etex-pkg/etex
.sty
Package: etex 1998/03/26 v2.0 eTeX basic definition package (PEB)
\et@xins=\count79
)
\etb@tempcnta=\count80
)
(/afs/cs.wisc.edu/s/texlive-2011/amd64_rhel5/texmf-dist/tex/latex/base/article.
cls
Document Class: article 2007/10/19 v1.4h Standard LaTeX document class

(/afs/cs.wisc.edu/s/texlive-2011/amd64_rhel5/texmf-dist/tex/latex/base/size10.c
lo
File: size10.clo 2007/10/19 v1.4h Standard LaTeX file (size option)
)
\c@part=\count81
\c@section=\count82
\c@subsection=\count83
\c@subsubsection=\count84
\c@paragraph=\count85
\c@subparagraph=\count86
\c@figure=\count87
\c@table=\count88
\abovecaptionskip=\skip41
\belowcaptionskip=\skip42
\bibindent=\dimen102
)
(/afs/cs.wisc.edu/s/texlive-2011/amd64_rhel5/texmf-dist/tex/latex/base/inputenc
.sty
Package: inputenc 2008/03/30 v1.1d Input encoding file
\inpenc@prehook=\toks14
\inpenc@posthook=\toks15

(/afs/cs.wisc.edu/s/texlive-2011/amd64_rhel5/texmf-dist/tex/latex/base/utf8.def
File: utf8.def 2008/04/05 v1.1m UTF-8 support for inputenc
Now handling font encoding OML ...
... no UTF-8 mapping file for font encoding OML
Now handling font encoding T1 ...
... processing UTF-8 mapping file for font encoding T1

(/afs/cs.wisc.edu/s/texlive-2011/amd64_rhel5/texmf-dist/tex/latex/base/t1enc.df
u
File: t1enc.dfu 2008/04/05 v1.1m UTF-8 support for inputenc
   defining Unicode char U+00A1 (decimal 161)
   defining Unicode char U+00A3 (decimal 163)
   defining Unicode char U+00AB (decimal 171)
   defining Unicode char U+00BB (decimal 187)
   defining Unicode char U+00BF (decimal 191)
   defining Unicode char U+00C0 (decimal 192)
   defining Unicode char U+00C1 (decimal 193)
   defining Unicode char U+00C2 (decimal 194)
   defining Unicode char U+00C3 (decimal 195)
   defining Unicode char U+00C4 (decimal 196)
   defining Unicode char U+00C5 (decimal 197)
   defining Unicode char U+00C6 (decimal 198)
   defining Unicode char U+00C7 (decimal 199)
   defining Unicode char U+00C8 (decimal 200)
   defining Unicode char U+00C9 (decimal 201)
   defining Unicode char U+00CA (decimal 202)
   defining Unicode char U+00CB (decimal 203)
   defining Unicode char U+00CC (decimal 204)
   defining Unicode char U+00CD (decimal 205)
   defining Unicode char U+00CE (decimal 206)
   defining Unicode char U+00CF (decimal 207)
   defining Unicode char U+00D0 (decimal 208)
   defining Unicode char U+00D1 (decimal 209)
   defining Unicode char U+00D2 (decimal 210)
   defining Unicode char U+00D3 (decimal 211)
   defining Unicode char U+00D4 (decimal 212)
   defining Unicode char U+00D5 (decimal 213)
   defining Unicode char U+00D6 (decimal 214)
   defining Unicode char U+00D8 (decimal 216)
   defining Unicode char U+00D9 (decimal 217)
   defining Unicode char U+00DA (decimal 218)
   defining Unicode char U+00DB (decimal 219)
   defining Unicode char U+00DC (decimal 220)
   defining Unicode char U+00DD (decimal 221)
   defining Unicode char U+00DE (decimal 222)
   defining Unicode char U+00DF (decimal 223)
   defining Unicode char U+00E0 (decimal 224)
   defining Unicode char U+00E1 (decimal 225)
   defining Unicode char U+00E2 (decimal 226)
   defining Unicode char U+00E3 (decimal 227)
   defining Unicode char U+00E4 (decimal 228)
   defining Unicode char U+00E5 (decimal 229)
   defining Unicode char U+00E6 (decimal 230)
   defining Unicode char U+00E7 (decimal 231)
   defining Unicode char U+00E8 (decimal 232)
   defining Unicode char U+00E9 (decimal 233)
   defining Unicode char U+00EA (decimal 234)
   defining Unicode char U+00EB (decimal 235)
   defining Unicode char U+00EC (decimal 236)
   defining Unicode char U+00ED (decimal 237)
   defining Unicode char U+00EE (decimal 238)
   defining Unicode char U+00EF (decimal 239)
   defining Unicode char U+00F0 (decimal 240)
   defining Unicode char U+00F1 (decimal 241)
   defining Unicode char U+00F2 (decimal 242)
   defining Unicode char U+00F3 (decimal 243)
   defining Unicode char U+00F4 (decimal 244)
   defining Unicode char U+00F5 (decimal 245)
   defining Unicode char U+00F6 (decimal 246)
   defining Unicode char U+00F8 (decimal 248)
   defining Unicode char U+00F9 (decimal 249)
   defining Unicode char U+00FA (decimal 250)
   defining Unicode char U+00FB (decimal 251)
   defining Unicode char U+00FC (decimal 252)
   defining Unicode char U+00FD (decimal 253)
   defining Unicode char U+00FE (decimal 254)
   defining Unicode char U+00FF (decimal 255)
   defining Unicode char U+0102 (decimal 258)
   defining Unicode char U+0103 (decimal 259)
   defining Unicode char U+0104 (decimal 260)
   defining Unicode char U+0105 (decimal 261)
   defining Unicode char U+0106 (decimal 262)
   defining Unicode char U+0107 (decimal 263)
   defining Unicode char U+010C (decimal 268)
   defining Unicode char U+010D (decimal 269)
   defining Unicode char U+010E (decimal 270)
   defining Unicode char U+010F (decimal 271)
   defining Unicode char U+0110 (decimal 272)
   defining Unicode char U+0111 (decimal 273)
   defining Unicode char U+0118 (decimal 280)
   defining Unicode char U+0119 (decimal 281)
   defining Unicode char U+011A (decimal 282)
   defining Unicode char U+011B (decimal 283)
   defining Unicode char U+011E (decimal 286)
   defining Unicode char U+011F (decimal 287)
   defining Unicode char U+0130 (decimal 304)
   defining Unicode char U+0131 (decimal 305)
   defining Unicode char U+0132 (decimal 306)
   defining Unicode char U+0133 (decimal 307)
   defining Unicode char U+0139 (decimal 313)
   defining Unicode char U+013A (decimal 314)
   defining Unicode char U+013D (decimal 317)
   defining Unicode char U+013E (decimal 318)
   defining Unicode char U+0141 (decimal 321)
   defining Unicode char U+0142 (decimal 322)
   defining Unicode char U+0143 (decimal 323)
   defining Unicode char U+0144 (decimal 324)
   defining Unicode char U+0147 (decimal 327)
   defining Unicode char U+0148 (decimal 328)
   defining Unicode char U+014A (decimal 330)
   defining Unicode char U+014B (decimal 331)
   defining Unicode char U+0150 (decimal 336)
   defining Unicode char U+0151 (decimal 337)
   defining Unicode char U+0152 (decimal 338)
   defining Unicode char U+0153 (decimal 339)
   defining Unicode char U+0154 (decimal 340)
   defining Unicode char U+0155 (decimal 341)
   defining Unicode char U+0158 (decimal 344)
   defining Unicode char U+0159 (decimal 345)
   defining Unicode char U+015A (decimal 346)
   defining Unicode char U+015B (decimal 347)
   defining Unicode char U+015E (decimal 350)
   defining Unicode char U+015F (decimal 351)
   defining Unicode char U+0160 (decimal 352)
   defining Unicode char U+0161 (decimal 353)
   defining Unicode char U+0162 (decimal 354)
   defining Unicode char U+0163 (decimal 355)
   defining Unicode char U+0164 (decimal 356)
   defining Unicode char U+0165 (decimal 357)
   defining Unicode char U+016E (decimal 366)
   defining Unicode char U+016F (decimal 367)
   defining Unicode char U+0170 (decimal 368)
   defining Unicode char U+0171 (decimal 369)
   defining Unicode char U+0178 (decimal 376)
   defining Unicode char U+0179 (decimal 377)
   defining Unicode char U+017A (decimal 378)
   defining Unicode char U+017B (decimal 379)
   defining Unicode char U+017C (decimal 380)
   defining Unicode char U+017D (decimal 381)
   defining Unicode char U+017E (decimal 382)
   defining Unicode char U+200C (decimal 8204)
   defining Unicode char U+2013 (decimal 8211)
   defining Unicode char U+2014 (decimal 8212)
   defining Unicode char U+2018 (decimal 8216)
   defining Unicode char U+2019 (decimal 8217)
   defining Unicode char U+201A (decimal 8218)
   defining Unicode char U+201C (decimal 8220)
   defining Unicode char U+201D (decimal 8221)
   defining Unicode char U+201E (decimal 8222)
   defining Unicode char U+2030 (decimal 8240)
   defining Unicode char U+2031 (decimal 8241)
   defining Unicode char U+2039 (decimal 8249)
   defining Unicode char U+203A (decimal 8250)
   defining Unicode char U+2423 (decimal 9251)
)
Now handling font encoding OT1 ...
... processing UTF-8 mapping file for font encoding OT1

(/afs/cs.wisc.edu/s/texlive-2011/amd64_rhel5/texmf-dist/tex/latex/base/ot1enc.d
fu
File: ot1enc.dfu 2008/04/05 v1.1m UTF-8 support for inputenc
   defining Unicode char U+00A1 (decimal 161)
   defining Unicode char U+00A3 (decimal 163)
   defining Unicode char U+00B8 (decimal 184)
   defining Unicode char U+00BF (decimal 191)
   defining Unicode char U+00C5 (decimal 197)
   defining Unicode char U+00C6 (decimal 198)
   defining Unicode char U+00D8 (decimal 216)
   defining Unicode char U+00DF (decimal 223)
   defining Unicode char U+00E6 (decimal 230)
   defining Unicode char U+00EC (decimal 236)
   defining Unicode char U+00ED (decimal 237)
   defining Unicode char U+00EE (decimal 238)
   defining Unicode char U+00EF (decimal 239)
   defining Unicode char U+00F8 (decimal 248)
   defining Unicode char U+0131 (decimal 305)
   defining Unicode char U+0141 (decimal 321)
   defining Unicode char U+0142 (decimal 322)
   defining Unicode char U+0152 (decimal 338)
   defining Unicode char U+0153 (decimal 339)
   defining Unicode char U+2013 (decimal 8211)
   defining Unicode char U+2014 (decimal 8212)
   defining Unicode char U+2018 (decimal 8216)
   defining Unicode char U+2019 (decimal 8217)
   defining Unicode char U+201C (decimal 8220)
   defining Unicode char U+201D (decimal 8221)
)
Now handling font encoding OMS ...
... processing UTF-8 mapping file for font encoding OMS

(/afs/cs.wisc.edu/s/texlive-2011/amd64_rhel5/texmf-dist/tex/latex/base/omsenc.d
fu
File: omsenc.dfu 2008/04/05 v1.1m UTF-8 support for inputenc
   defining Unicode char U+00A7 (decimal 167)
   defining Unicode char U+00B6 (decimal 182)
   defining Unicode char U+00B7 (decimal 183)
   defining Unicode char U+2020 (decimal 8224)
   defining Unicode char U+2021 (decimal 8225)
   defining Unicode char U+2022 (decimal 8226)
)
Now handling font encoding OMX ...
... no UTF-8 mapping file for font encoding OMX
Now handling font encoding U ...
... no UTF-8 mapping file for font encoding U
   defining Unicode char U+00A9 (decimal 169)
   defining Unicode char U+00AA (decimal 170)
   defining Unicode char U+00AE (decimal 174)
   defining Unicode char U+00BA (decimal 186)
   defining Unicode char U+02C6 (decimal 710)
   defining Unicode char U+02DC (decimal 732)
   defining Unicode char U+200C (decimal 8204)
   defining Unicode char U+2026 (decimal 8230)
   defining Unicode char U+2122 (decimal 8482)
   defining Unicode char U+2423 (decimal 9251)
))
(/afs/cs.wisc.edu/s/texlive-2011/amd64_rhel5/texmf-dist/tex/latex/base/fontenc.
sty
Package: fontenc 2005/09/27 v1.99g Standard LaTeX package

(/afs/cs.wisc.edu/s/texlive-2011/amd64_rhel5/texmf-dist/tex/latex/base/t1enc.de
f
File: t1enc.def 2005/09/27 v1.99g Standard LaTeX file
LaTeX Font Info:    Redeclaring font encoding T1 on input line 43.
))
(/afs/cs.wisc.edu/s/texlive-2011/amd64_rhel5/texmf-dist/tex/latex/tools/verbati
m.sty
Package: verbatim 2003/08/22 v1.5q LaTeX2e package for verbatim enhancements
\every@verbatim=\toks16
\verbatim@line=\toks17
\verbatim@in@stream=\read1
)
(/afs/cs.wisc.edu/s/texlive-2011/amd64_rhel5/texmf-dist/tex/latex/base/fixltx2e
.sty
Package: fixltx2e 2006/09/13 v1.1m fixes to LaTeX
LaTeX Info: Redefining \em on input line 420.
)
(/afs/cs.wisc.edu/s/texlive-2011/amd64_rhel5/texmf-dist/tex/latex/xcolor/xcolor
.sty
Package: xcolor 2007/01/21 v2.11 LaTeX color extensions (UK)

(/afs/cs.wisc.edu/s/texlive-2011/amd64_rhel5/texmf-dist/tex/latex/latexconfig/c
olor.cfg
File: color.cfg 2007/01/18 v1.5 color configuration of teTeX/TeXLive
)
Package xcolor Info: Package option `usenames' ignored on input line 216.
Package xcolor Info: Driver file: pdftex.def on input line 225.

(/afs/cs.wisc.edu/s/texlive-2011/amd64_rhel5/texmf-dist/tex/latex/pdftex-def/pd
ftex.def
File: pdftex.def 2011/05/27 v0.06d Graphics/color for pdfTeX

(/afs/cs.wisc.edu/s/texlive-2011/amd64_rhel5/texmf-dist/tex/generic/oberdiek/in
fwarerr.sty
Package: infwarerr 2010/04/08 v1.3 Providing info/warning/message (HO)
)
(/afs/cs.wisc.edu/s/texlive-2011/amd64_rhel5/texmf-dist/tex/generic/oberdiek/lt
xcmds.sty
Package: ltxcmds 2011/04/18 v1.20 LaTeX kernel commands for general use (HO)
)
\Gread@gobject=\count89
)
(/afs/cs.wisc.edu/s/texlive-2011/amd64_rhel5/texmf-dist/tex/latex/colortbl/colo
rtbl.sty
Package: colortbl 2001/02/13 v0.1j Color table columns (DPC)

(/afs/cs.wisc.edu/s/texlive-2011/amd64_rhel5/texmf-dist/tex/latex/tools/array.s
ty
Package: array 2008/09/09 v2.4c Tabular extension package (FMi)
\col@sep=\dimen103
\extrarowheight=\dimen104
\NC@list=\toks18
\extratabsurround=\skip43
\backup@length=\skip44
)
\everycr=\toks19
\minrowclearance=\skip45
)
\rownum=\count90
Package xcolor Info: Model `cmy' substituted by `cmy0' on input line 1337.
Package xcolor Info: Model `hsb' substituted by `rgb' on input line 1341.
Package xcolor Info: Model `RGB' extended on input line 1353.
Package xcolor Info: Model `HTML' substituted by `rgb' on input line 1355.
Package xcolor Info: Model `Hsb' substituted by `hsb' on input line 1356.
Package xcolor Info: Model `tHsb' substituted by `hsb' on input line 1357.
Package xcolor Info: Model `HSB' substituted by `hsb' on input line 1358.
Package xcolor Info: Model `Gray' substituted by `gray' on input line 1359.
Package xcolor Info: Model `wave' substituted by `hsb' on input line 1360.

(/afs/cs.wisc.edu/s/texlive-2011/amd64_rhel5/texmf-dist/tex/latex/graphics/dvip
snam.def
File: dvipsnam.def 1999/02/16 v3.0i Driver-dependant file (DPC,SPQR)
)
(/afs/cs.wisc.edu/s/texlive-2011/amd64_rhel5/texmf-dist/tex/latex/xcolor/svgnam
.def
File: svgnam.def 2007/01/21 v2.11 Predefined colors according to SVG 1.1 (UK)
))
(/afs/cs.wisc.edu/s/texlive-2011/amd64_rhel5/texmf-dist/tex/latex/psnfss/mathpt
mx.sty
Package: mathptmx 2005/04/12 PSNFSS-v9.2a Times w/ Math, improved (SPQR, WaS) 
LaTeX Font Info:    Redeclaring symbol font `operators' on input line 28.
LaTeX Font Info:    Overwriting symbol font `operators' in version `normal'
(Font)                  OT1/cmr/m/n --> OT1/ztmcm/m/n on input line 28.
LaTeX Font Info:    Overwriting symbol font `operators' in version `bold'
(Font)                  OT1/cmr/bx/n --> OT1/ztmcm/m/n on input line 28.
LaTeX Font Info:    Redeclaring symbol font `letters' on input line 29.
LaTeX Font Info:    Overwriting symbol font `letters' in version `normal'
(Font)                  OML/cmm/m/it --> OML/ztmcm/m/it on input line 29.
LaTeX Font Info:    Overwriting symbol font `letters' in version `bold'
(Font)                  OML/cmm/b/it --> OML/ztmcm/m/it on input line 29.
LaTeX Font Info:    Redeclaring symbol font `symbols' on input line 30.
LaTeX Font Info:    Overwriting symbol font `symbols' in version `normal'
(Font)                  OMS/cmsy/m/n --> OMS/ztmcm/m/n on input line 30.
LaTeX Font Info:    Overwriting symbol font `symbols' in version `bold'
(Font)                  OMS/cmsy/b/n --> OMS/ztmcm/m/n on input line 30.
LaTeX Font Info:    Redeclaring symbol font `largesymbols' on input line 31.
LaTeX Font Info:    Overwriting symbol font `largesymbols' in version `normal'
(Font)                  OMX/cmex/m/n --> OMX/ztmcm/m/n on input line 31.
LaTeX Font Info:    Overwriting symbol font `largesymbols' in version `bold'
(Font)                  OMX/cmex/m/n --> OMX/ztmcm/m/n on input line 31.
\symbold=\mathgroup4
\symitalic=\mathgroup5
LaTeX Font Info:    Redeclaring math alphabet \mathbf on input line 34.
LaTeX Font Info:    Overwriting math alphabet `\mathbf' in version `normal'
(Font)                  OT1/cmr/bx/n --> OT1/ptm/bx/n on input line 34.
LaTeX Font Info:    Overwriting math alphabet `\mathbf' in version `bold'
(Font)                  OT1/cmr/bx/n --> OT1/ptm/bx/n on input line 34.
LaTeX Font Info:    Redeclaring math alphabet \mathit on input line 35.
LaTeX Font Info:    Overwriting math alphabet `\mathit' in version `normal'
(Font)                  OT1/cmr/m/it --> OT1/ptm/m/it on input line 35.
LaTeX Font Info:    Overwriting math alphabet `\mathit' in version `bold'
(Font)                  OT1/cmr/bx/it --> OT1/ptm/m/it on input line 35.
LaTeX Info: Redefining \hbar on input line 50.
)
(/afs/cs.wisc.edu/s/texlive-2011/amd64_rhel5/texmf-dist/tex/latex/psnfss/helvet
.sty
Package: helvet 2005/04/12 PSNFSS-v9.2a (WaS) 

(/afs/cs.wisc.edu/s/texlive-2011/amd64_rhel5/texmf-dist/tex/latex/graphics/keyv
al.sty
Package: keyval 1999/03/16 v1.13 key=value parser (DPC)
\KV@toks@=\toks20
))
(/afs/cs.wisc.edu/s/texlive-2011/amd64_rhel5/texmf-dist/tex/latex/courier-scale
d/couriers.sty
Package: couriers 2004/07/10 Scaled Courier (HS) 
)
(/afs/cs.wisc.edu/s/texlive-2011/amd64_rhel5/texmf-dist/tex/latex/setspace/sets
pace.sty
Package: setspace 2000/12/01 6.7 Contributed and Supported LaTeX2e package

Package: `setspace' 6.7 <2000/12/01>
)
(/afs/cs.wisc.edu/s/texlive-2011/amd64_rhel5/texmf-dist/tex/latex/microtype/mic
rotype.sty
Package: microtype 2010/01/10 v2.4 Micro-typography with pdfTeX (RS)
\MT@toks=\toks21
\MT@count=\count91
LaTeX Info: Redefining \lsstyle on input line 1597.
LaTeX Info: Redefining \lslig on input line 1597.
\MT@outer@space=\skip46
LaTeX Info: Redefining \textls on input line 1605.
\MT@outer@kern=\dimen105
LaTeX Info: Redefining \textmicrotypecontext on input line 2156.
Package microtype Info: Loading configuration file microtype.cfg.

(/afs/cs.wisc.edu/s/texlive-2011/amd64_rhel5/texmf-dist/tex/latex/microtype/mic
rotype.cfg
File: microtype.cfg 2010/01/10 v2.4 microtype main configuration file (RS)
))
(/afs/cs.wisc.edu/s/texlive-2011/amd64_rhel5/texmf-dist/tex/latex/geometry/geom
etry.sty
Package: geometry 2010/09/12 v5.6 Page Geometry

(/afs/cs.wisc.edu/s/texlive-2011/amd64_rhel5/texmf-dist/tex/generic/oberdiek/if
pdf.sty
Package: ifpdf 2011/01/30 v2.3 Provides the ifpdf switch (HO)
Package ifpdf Info: pdfTeX in PDF mode is detected.
)
(/afs/cs.wisc.edu/s/texlive-2011/amd64_rhel5/texmf-dist/tex/generic/oberdiek/if
vtex.sty
Package: ifvtex 2010/03/01 v1.5 Switches for detecting VTeX and its modes (HO)
Package ifvtex Info: VTeX not detected.
)
(/afs/cs.wisc.edu/s/texlive-2011/amd64_rhel5/texmf-dist/tex/generic/ifxetex/ifx
etex.sty
Package: ifxetex 2010/09/12 v0.6 Provides ifxetex conditional
)
\Gm@cnth=\count92
\Gm@cntv=\count93
\c@Gm@tempcnt=\count94
\Gm@bindingoffset=\dimen106
\Gm@wd@mp=\dimen107
\Gm@odd@mp=\dimen108
\Gm@even@mp=\dimen109
\Gm@layoutwidth=\dimen110
\Gm@layoutheight=\dimen111
\Gm@layouthoffset=\dimen112
\Gm@layoutvoffset=\dimen113
\Gm@dimlist=\toks22
)
(/afs/cs.wisc.edu/s/texlive-2011/amd64_rhel5/texmf-dist/tex/latex/titling/titli
ng.sty
Package: titling 2009/09/04 v2.1d maketitle typesetting
\thanksmarkwidth=\skip47
\thanksmargin=\skip48
\droptitle=\skip49
)
(/afs/cs.wisc.edu/s/texlive-2011/amd64_rhel5/texmf-dist/tex/latex/abstract/abst
ract.sty
Package: abstract 2009/06/08 v1.2a configurable abstracts
\abstitleskip=\skip50
\absleftindent=\skip51
\absrightindent=\skip52
\absparindent=\skip53
\absparsep=\skip54
)
(/afs/cs.wisc.edu/s/texlive-2011/amd64_rhel5/texmf-dist/tex/latex/titlesec/titl
esec.sty
Package: titlesec 2011/08/28 v2.9.1 Sectioning titles
\ttl@box=\box26
\beforetitleunit=\skip55
\aftertitleunit=\skip56
\ttl@plus=\dimen114
\ttl@minus=\dimen115
\ttl@toksa=\toks23
\titlewidth=\dimen116
\titlewidthlast=\dimen117
\titlewidthfirst=\dimen118
)
\sectionspace=\skip57

(/afs/cs.wisc.edu/s/texlive-2011/amd64_rhel5/texmf-dist/tex/latex/tools/enumera
te.sty
Package: enumerate 1999/03/05 v3.00 enumerate extensions (DPC)
\@enLab=\toks24
)
(/afs/cs.wisc.edu/s/texlive-2011/amd64_rhel5/texmf-dist/tex/latex/enumitem/enum
item.sty
Package: enumitem 2011/09/05 v3.5.1 Customized lists
\labelindent=\skip58
\enit@outerparindent=\dimen119
\enit@toks=\toks25
\enit@inbox=\box27
\enitdp@description=\count95
)
(/afs/cs.wisc.edu/s/texlive-2011/amd64_rhel5/texmf-dist/tex/latex/caption/capti
on.sty
Package: caption 2012/02/19 v3.2f Customizing captions (AR)

(/afs/cs.wisc.edu/s/texlive-2011/amd64_rhel5/texmf-dist/tex/latex/caption/capti
on3.sty
Package: caption3 2012/01/12 v1.4b caption3 kernel (AR)
\captionmargin=\dimen120
\captionmargin@=\dimen121
\captionwidth=\dimen122
\caption@indent=\dimen123
\caption@parindent=\dimen124
\caption@hangindent=\dimen125
)
\c@ContinuedFloat=\count96
)
(/afs/cs.wisc.edu/s/texlive-2011/amd64_rhel5/texmf-dist/tex/latex/subfig/subfig
.sty
Package: subfig 2005/06/28 ver: 1.3 subfig package
\c@KVtest=\count97
\sf@farskip=\skip59
\sf@captopadj=\dimen126
\sf@capskip=\skip60
\sf@nearskip=\skip61
\c@subfigure=\count98
\c@subfigure@save=\count99
\c@lofdepth=\count100
\c@subtable=\count101
\c@subtable@save=\count102
\c@lotdepth=\count103
\sf@top=\skip62
\sf@bottom=\skip63
)
(/afs/cs.wisc.edu/s/texlive-2011/amd64_rhel5/texmf-dist/tex/latex/float/float.s
ty
Package: float 2001/11/08 v1.3d Float enhancements (AL)
\c@float@type=\count104
\float@exts=\toks26
\float@box=\box28
\@float@everytoks=\toks27
\@floatcapt=\box29
)
(/afs/cs.wisc.edu/s/texlive-2011/amd64_rhel5/texmf-dist/tex/latex/graphics/grap
hicx.sty
Package: graphicx 1999/02/16 v1.0f Enhanced LaTeX Graphics (DPC,SPQR)

(/afs/cs.wisc.edu/s/texlive-2011/amd64_rhel5/texmf-dist/tex/latex/graphics/grap
hics.sty
Package: graphics 2009/02/05 v1.0o Standard LaTeX Graphics (DPC,SPQR)

(/afs/cs.wisc.edu/s/texlive-2011/amd64_rhel5/texmf-dist/tex/latex/graphics/trig
.sty
Package: trig 1999/03/16 v1.09 sin cos tan (DPC)
)
(/afs/cs.wisc.edu/s/texlive-2011/amd64_rhel5/texmf-dist/tex/latex/latexconfig/g
raphics.cfg
File: graphics.cfg 2010/04/23 v1.9 graphics configuration of TeX Live
)
Package graphics Info: Driver file: pdftex.def on input line 91.
)
\Gin@req@height=\dimen127
\Gin@req@width=\dimen128
)
(/afs/cs.wisc.edu/s/texlive-2011/amd64_rhel5/texmf-dist/tex/latex/booktabs/book
tabs.sty
Package: booktabs 2005/04/14 v1.61803 publication quality tables
\heavyrulewidth=\dimen129
\lightrulewidth=\dimen130
\cmidrulewidth=\dimen131
\belowrulesep=\dimen132
\belowbottomsep=\dimen133
\aboverulesep=\dimen134
\abovetopsep=\dimen135
\cmidrulesep=\dimen136
\cmidrulekern=\dimen137
\defaultaddspace=\dimen138
\@cmidla=\count105
\@cmidlb=\count106
\@aboverulesep=\dimen139
\@belowrulesep=\dimen140
\@thisruleclass=\count107
\@lastruleclass=\count108
\@thisrulewidth=\dimen141
)
(/afs/cs.wisc.edu/s/texlive-2011/amd64_rhel5/texmf-dist/tex/latex/multirow/mult
irow.sty
\bigstrutjot=\dimen142
)
(/afs/cs.wisc.edu/s/texlive-2011/amd64_rhel5/texmf-dist/tex/latex/hyperref/hype
rref.sty
Package: hyperref 2011/08/19 v6.82h Hypertext links for LaTeX

(/afs/cs.wisc.edu/s/texlive-2011/amd64_rhel5/texmf-dist/tex/generic/oberdiek/ho
bsub-hyperref.sty
Package: hobsub-hyperref 2011/04/23 v1.4 Bundle oberdiek, subset hyperref (HO)

(/afs/cs.wisc.edu/s/texlive-2011/amd64_rhel5/texmf-dist/tex/generic/oberdiek/ho
bsub-generic.sty
Package: hobsub-generic 2011/04/23 v1.4 Bundle oberdiek, subset generic (HO)
Package: hobsub 2011/04/23 v1.4 Subsetting bundle oberdiek (HO)
Package hobsub Info: Skipping package `infwarerr' (already loaded).
Package hobsub Info: Skipping package `ltxcmds' (already loaded).
Package: ifluatex 2010/03/01 v1.3 Provides the ifluatex switch (HO)
Package ifluatex Info: LuaTeX not detected.
Package hobsub Info: Skipping package `ifvtex' (already loaded).
Package: intcalc 2007/09/27 v1.1 Expandable integer calculations (HO)
Package hobsub Info: Skipping package `ifpdf' (already loaded).
Package: etexcmds 2011/02/16 v1.5 Prefix for e-TeX command names (HO)
Package etexcmds Info: Could not find \expanded.
(etexcmds)             That can mean that you are not using pdfTeX 1.50 or
(etexcmds)             that some package has redefined \expanded.
(etexcmds)             In the latter case, load this package earlier.
Package: kvsetkeys 2011/04/07 v1.13 Key value parser (HO)
Package: kvdefinekeys 2011/04/07 v1.3 Defining keys (HO)
Package: pdftexcmds 2011/04/22 v0.16 Utilities of pdfTeX for LuaTeX (HO)
Package pdftexcmds Info: LuaTeX not detected.
Package pdftexcmds Info: \pdf@primitive is available.
Package pdftexcmds Info: \pdf@ifprimitive is available.
Package pdftexcmds Info: \pdfdraftmode found.
Package: pdfescape 2011/04/04 v1.12 Provides string conversions (HO)
Package: bigintcalc 2011/01/30 v1.2 Expandable big integer calculations (HO)
Package: bitset 2011/01/30 v1.1 Data type bit set (HO)
Package: uniquecounter 2011/01/30 v1.2 Provides unlimited unique counter (HO)
)
Package hobsub Info: Skipping package `hobsub' (already loaded).
Package: letltxmacro 2010/09/02 v1.4 Let assignment for LaTeX macros (HO)
Package: hopatch 2011/01/30 v1.0 Wrapper for package hooks (HO)
Package: xcolor-patch 2011/01/30 xcolor patch
Package: atveryend 2011/04/23 v1.7 Hooks at very end of document (HO)
Package: atbegshi 2011/01/30 v1.15 At begin shipout hook (HO)
Package: refcount 2010/12/01 v3.2 Data extraction from references (HO)
Package: hycolor 2011/01/30 v1.7 Color options of hyperref/bookmark (HO)
)
(/afs/cs.wisc.edu/s/texlive-2011/amd64_rhel5/texmf-dist/tex/latex/oberdiek/kvop
tions.sty
Package: kvoptions 2010/12/23 v3.10 Keyval support for LaTeX options (HO)
)
\@linkdim=\dimen143
\Hy@linkcounter=\count109
\Hy@pagecounter=\count110

(/afs/cs.wisc.edu/s/texlive-2011/amd64_rhel5/texmf-dist/tex/latex/hyperref/pd1e
nc.def
File: pd1enc.def 2011/08/19 v6.82h Hyperref: PDFDocEncoding definition (HO)
Now handling font encoding PD1 ...
... no UTF-8 mapping file for font encoding PD1
)
\Hy@SavedSpaceFactor=\count111

(/afs/cs.wisc.edu/s/texlive-2011/amd64_rhel5/texmf-dist/tex/latex/latexconfig/h
yperref.cfg
File: hyperref.cfg 2002/06/06 v1.2 hyperref configuration of TeXLive
)
Package hyperref Info: Hyper figures OFF on input line 4053.
Package hyperref Info: Link nesting OFF on input line 4058.
Package hyperref Info: Hyper index ON on input line 4061.
Package hyperref Info: Plain pages OFF on input line 4068.
Package hyperref Info: Backreferencing OFF on input line 4073.
Package hyperref Info: Implicit mode ON; LaTeX internals redefined.
Package hyperref Info: Bookmarks ON on input line 4291.
\c@Hy@tempcnt=\count112

(/afs/cs.wisc.edu/s/texlive-2011/amd64_rhel5/texmf/tex/latex/html/url.sty
Package: url 1999/03/02  ver 1.4  Verb mode for urls, email addresses, and file
 names
)
LaTeX Info: Redefining \url on input line 4644.
\Fld@menulength=\count113
\Field@Width=\dimen144
\Fld@charsize=\dimen145
Package hyperref Info: Hyper figures OFF on input line 5730.
Package hyperref Info: Link nesting OFF on input line 5735.
Package hyperref Info: Hyper index ON on input line 5738.
Package hyperref Info: backreferencing OFF on input line 5745.
Package hyperref Info: Link coloring OFF on input line 5750.
Package hyperref Info: Link coloring with OCG OFF on input line 5755.
Package hyperref Info: PDF/A mode OFF on input line 5760.
LaTeX Info: Redefining \ref on input line 5800.
LaTeX Info: Redefining \pageref on input line 5804.
\Hy@abspage=\count114
\c@Item=\count115
\c@Hfootnote=\count116
)

Package hyperref Message: Driver (autodetected): hpdftex.


(/afs/cs.wisc.edu/s/texlive-2011/amd64_rhel5/texmf-dist/tex/latex/hyperref/hpdf
tex.def
File: hpdftex.def 2011/08/19 v6.82h Hyperref driver for pdfTeX
\Fld@listcount=\count117
\c@bookmark@seq@number=\count118

(/afs/cs.wisc.edu/s/texlive-2011/amd64_rhel5/texmf-dist/tex/latex/oberdiek/reru
nfilecheck.sty
Package: rerunfilecheck 2011/04/15 v1.7 Rerun checks for auxiliary files (HO)
Package uniquecounter Info: New unique counter `rerunfilecheck' on input line 2
82.
)
\Hy@SectionHShift=\skip64
)
Package hyperref Info: Option `unicode' set `true' on input line 199.

(/afs/cs.wisc.edu/s/texlive-2011/amd64_rhel5/texmf-dist/tex/latex/hyperref/puen
c.def
File: puenc.def 2011/08/19 v6.82h Hyperref: PDF Unicode definition (HO)
Now handling font encoding PU ...
... no UTF-8 mapping file for font encoding PU
)
Package hyperref Info: Option `colorlinks' set `true' on input line 199.

(/afs/cs.wisc.edu/s/texlive-2011/amd64_rhel5/texmf-dist/tex/latex/SIunits/SIuni
ts.sty
Package: SIunits 2007/12/02 v1.36 Support for the International System of units
 (MH)


\@qskwidth=\skip65
Now handling font encoding TS1 ...
... processing UTF-8 mapping file for font encoding TS1

(/afs/cs.wisc.edu/s/texlive-2011/amd64_rhel5/texmf-dist/tex/latex/base/ts1enc.d
fu
File: ts1enc.dfu 2008/04/05 v1.1m UTF-8 support for inputenc
   defining Unicode char U+00A2 (decimal 162)
   defining Unicode char U+00A3 (decimal 163)
   defining Unicode char U+00A4 (decimal 164)
   defining Unicode char U+00A5 (decimal 165)
   defining Unicode char U+00A6 (decimal 166)
   defining Unicode char U+00A7 (decimal 167)
   defining Unicode char U+00A8 (decimal 168)
   defining Unicode char U+00A9 (decimal 169)
   defining Unicode char U+00AA (decimal 170)
   defining Unicode char U+00AC (decimal 172)
   defining Unicode char U+00AE (decimal 174)
   defining Unicode char U+00AF (decimal 175)
   defining Unicode char U+00B0 (decimal 176)
   defining Unicode char U+00B1 (decimal 177)
   defining Unicode char U+00B2 (decimal 178)
   defining Unicode char U+00B3 (decimal 179)
   defining Unicode char U+00B4 (decimal 180)
   defining Unicode char U+00B5 (decimal 181)
   defining Unicode char U+00B6 (decimal 182)
   defining Unicode char U+00B7 (decimal 183)
   defining Unicode char U+00B9 (decimal 185)
   defining Unicode char U+00BA (decimal 186)
   defining Unicode char U+00BC (decimal 188)
   defining Unicode char U+00BD (decimal 189)
   defining Unicode char U+00BE (decimal 190)
   defining Unicode char U+00D7 (decimal 215)
   defining Unicode char U+00F7 (decimal 247)
   defining Unicode char U+0192 (decimal 402)
   defining Unicode char U+02C7 (decimal 711)
   defining Unicode char U+02D8 (decimal 728)
   defining Unicode char U+02DD (decimal 733)
   defining Unicode char U+0E3F (decimal 3647)
   defining Unicode char U+2016 (decimal 8214)
   defining Unicode char U+2020 (decimal 8224)
   defining Unicode char U+2021 (decimal 8225)
   defining Unicode char U+2022 (decimal 8226)
   defining Unicode char U+2030 (decimal 8240)
   defining Unicode char U+2031 (decimal 8241)
   defining Unicode char U+203B (decimal 8251)
   defining Unicode char U+203D (decimal 8253)
   defining Unicode char U+2044 (decimal 8260)
   defining Unicode char U+204E (decimal 8270)
   defining Unicode char U+2052 (decimal 8274)
   defining Unicode char U+20A1 (decimal 8353)
   defining Unicode char U+20A4 (decimal 8356)
   defining Unicode char U+20A6 (decimal 8358)
   defining Unicode char U+20A9 (decimal 8361)
   defining Unicode char U+20AB (decimal 8363)
   defining Unicode char U+20AC (decimal 8364)
   defining Unicode char U+20B1 (decimal 8369)
   defining Unicode char U+2103 (decimal 8451)
   defining Unicode char U+2116 (decimal 8470)
   defining Unicode char U+2117 (decimal 8471)
   defining Unicode char U+211E (decimal 8478)
   defining Unicode char U+2120 (decimal 8480)
   defining Unicode char U+2122 (decimal 8482)
   defining Unicode char U+2126 (decimal 8486)
   defining Unicode char U+2127 (decimal 8487)
   defining Unicode char U+212E (decimal 8494)
   defining Unicode char U+2190 (decimal 8592)
   defining Unicode char U+2191 (decimal 8593)
   defining Unicode char U+2192 (decimal 8594)
   defining Unicode char U+2193 (decimal 8595)
   defining Unicode char U+2329 (decimal 9001)
   defining Unicode char U+232A (decimal 9002)
   defining Unicode char U+2422 (decimal 9250)
   defining Unicode char U+25E6 (decimal 9702)
   defining Unicode char U+25EF (decimal 9711)
   defining Unicode char U+266A (decimal 9834)
)
\symgreek=\mathgroup6

(/afs/cs.wisc.edu/s/texlive-2011/amd64_rhel5/texmf-dist/tex/latex/amsmath/amste
xt.sty
Package: amstext 2000/06/29 v2.01

(/afs/cs.wisc.edu/s/texlive-2011/amd64_rhel5/texmf-dist/tex/latex/amsmath/amsge
n.sty
File: amsgen.sty 1999/11/30 v2.0
\@emptytoks=\toks28
\ex@=\dimen146
))
(/afs/cs.wisc.edu/s/texlive-2011/amd64_rhel5/texmf-dist/tex/latex/SIunits/SIuni
ts.cfg)
Option `squaren' provided!
))
(/afs/cs.wisc.edu/s/texlive-2011/amd64_rhel5/texmf-dist/tex/generic/ulem/ulem.s
ty
\UL@box=\box30
\UL@hyphenbox=\box31
\UL@skip=\skip66
\UL@hook=\toks29
\UL@height=\dimen147
\UL@pe=\count119
\UL@pixel=\dimen148
\ULC@box=\box32
Package: ulem 2011/03/18
\ULdepth=\dimen149
)
(/afs/cs.wisc.edu/s/texlive-2011/amd64_rhel5/texmf-dist/tex/latex/mh/mathtools.
sty
Package: mathtools 2011/04/06 v1.11 mathematical typesetting tools

(/afs/cs.wisc.edu/s/texlive-2011/amd64_rhel5/texmf-dist/tex/latex/tools/calc.st
y
Package: calc 2007/08/22 v4.3 Infix arithmetic (KKT,FJ)
\calc@Acount=\count120
\calc@Bcount=\count121
\calc@Adimen=\dimen150
\calc@Bdimen=\dimen151
\calc@Askip=\skip67
\calc@Bskip=\skip68
LaTeX Info: Redefining \setlength on input line 76.
LaTeX Info: Redefining \addtolength on input line 77.
\calc@Ccount=\count122
\calc@Cskip=\skip69
)
(/afs/cs.wisc.edu/s/texlive-2011/amd64_rhel5/texmf-dist/tex/latex/mh/mhsetup.st
y
Package: mhsetup 2010/01/21 v1.2a programming setup (MH)
)
(/afs/cs.wisc.edu/s/texlive-2011/amd64_rhel5/texmf-dist/tex/latex/amsmath/amsma
th.sty
Package: amsmath 2000/07/18 v2.13 AMS math features
\@mathmargin=\skip70

For additional information on amsmath, use the `?' option.

(/afs/cs.wisc.edu/s/texlive-2011/amd64_rhel5/texmf-dist/tex/latex/amsmath/amsbs
y.sty
Package: amsbsy 1999/11/29 v1.2d
\pmbraise@=\dimen152
)
(/afs/cs.wisc.edu/s/texlive-2011/amd64_rhel5/texmf-dist/tex/latex/amsmath/amsop
n.sty
Package: amsopn 1999/12/14 v2.01 operator names
)
\inf@bad=\count123
LaTeX Info: Redefining \frac on input line 211.
\uproot@=\count124
\leftroot@=\count125
LaTeX Info: Redefining \overline on input line 307.
\classnum@=\count126
\DOTSCASE@=\count127
LaTeX Info: Redefining \ldots on input line 379.
LaTeX Info: Redefining \dots on input line 382.
LaTeX Info: Redefining \cdots on input line 467.
\Mathstrutbox@=\box33
\strutbox@=\box34
\big@size=\dimen153
LaTeX Font Info:    Redeclaring font encoding OML on input line 567.
LaTeX Font Info:    Redeclaring font encoding OMS on input line 568.
\macc@depth=\count128
\c@MaxMatrixCols=\count129
\dotsspace@=\muskip10
\c@parentequation=\count130
\dspbrk@lvl=\count131
\tag@help=\toks30
\row@=\count132
\column@=\count133
\maxfields@=\count134
\andhelp@=\toks31
\eqnshift@=\dimen154
\alignsep@=\dimen155
\tagshift@=\dimen156
\tagwidth@=\dimen157
\totwidth@=\dimen158
\lineht@=\dimen159
\@envbody=\toks32
\multlinegap=\skip71
\multlinetaggap=\skip72
\mathdisplay@stack=\toks33
LaTeX Info: Redefining \[ on input line 2666.
LaTeX Info: Redefining \] on input line 2667.
)
\g_MT_multlinerow_int=\count135
\l_MT_multwidth_dim=\dimen160
\origjot=\skip73
\l_MT_shortvdotswithinadjustabove_dim=\dimen161
\l_MT_shortvdotswithinadjustbelow_dim=\dimen162
)
(/afs/cs.wisc.edu/s/texlive-2011/amd64_rhel5/texmf-dist/tex/latex/ms/ragged2e.s
ty
Package: ragged2e 2009/05/21 v2.1 ragged2e Package (MS)

(/afs/cs.wisc.edu/s/texlive-2011/amd64_rhel5/texmf-dist/tex/latex/ms/everysel.s
ty
Package: everysel 2009/05/30 v1.1 EverySelectfont Package (MS)
)
\CenteringLeftskip=\skip74
\RaggedLeftLeftskip=\skip75
\RaggedRightLeftskip=\skip76
\CenteringRightskip=\skip77
\RaggedLeftRightskip=\skip78
\RaggedRightRightskip=\skip79
\CenteringParfillskip=\skip80
\RaggedLeftParfillskip=\skip81
\RaggedRightParfillskip=\skip82
\JustifyingParfillskip=\skip83
\CenteringParindent=\skip84
\RaggedLeftParindent=\skip85
\RaggedRightParindent=\skip86
\JustifyingParindent=\skip87
)
(/afs/cs.wisc.edu/s/texlive-2011/amd64_rhel5/texmf-dist/tex/latex/rotating/rota
ting.sty
Package: rotating 2009/03/28 v2.16a rotated objects in LaTeX

(/afs/cs.wisc.edu/s/texlive-2011/amd64_rhel5/texmf-dist/tex/latex/base/ifthen.s
ty
Package: ifthen 2001/05/26 v1.1c Standard LaTeX ifthen package (DPC)
)
\c@r@tfl@t=\count136
\rotFPtop=\skip88
\rotFPbot=\skip89
\rot@float@box=\box35
\rot@mess@toks=\toks34
)
(/afs/cs.wisc.edu/s/texlive-2011/amd64_rhel5/texmf-dist/tex/latex/oberdiek/grff
ile.sty
Package: grffile 2010/12/09 v1.13 Extended file name support for graphics (HO)
Package grffile Info: Option `multidot' is set to `true'.
Package grffile Info: Option `extendedchars' is set to `false'.
Package grffile Info: Option `space' is set to `true'.
Package grffile Info: \Gin@ii of package `graphicx' fixed on input line 453.
)
(/afs/cs.wisc.edu/s/texlive-2011/amd64_rhel5/texmf-dist/tex/latex/graphics/epsf
ig.sty
Package: epsfig 1999/02/16 v1.7a (e)psfig emulation (SPQR)
\epsfxsize=\dimen163
\epsfysize=\dimen164
)
(/afs/cs.wisc.edu/s/texlive-2011/amd64_rhel5/texmf-dist/tex/latex/wrapfig/wrapf
ig.sty
\wrapoverhang=\dimen165
\WF@size=\dimen166
\c@WF@wrappedlines=\count137
\WF@box=\box36
\WF@everypar=\toks35
Package: wrapfig 2003/01/31  v 3.6
)
(/afs/cs.wisc.edu/s/texlive-2011/amd64_rhel5/texmf-dist/tex/latex/fancyhdr/fanc
yhdr.sty
\fancy@headwidth=\skip90
\f@ncyO@elh=\skip91
\f@ncyO@erh=\skip92
\f@ncyO@olh=\skip93
\f@ncyO@orh=\skip94
\f@ncyO@elf=\skip95
\f@ncyO@erf=\skip96
\f@ncyO@olf=\skip97
\f@ncyO@orf=\skip98
)
(/afs/cs.wisc.edu/s/texlive-2011/amd64_rhel5/texmf-dist/tex/latex/changepage/ch
ngpage.sty
Package: chngpage 2009/10/20 v1.2b change page layout
\c@cp@cnt=\count138
\c@cp@tempcnt=\count139
)
(/afs/cs.wisc.edu/s/texlive-2011/amd64_rhel5/texmf-dist/tex/latex/relsize/relsi
ze.sty
Package: relsize 2003/07/04 ver 3.1
)
(/afs/cs.wisc.edu/s/texlive-2011/amd64_rhel5/texmf-dist/tex/latex/tabu/tabu.sty
Package: tabu 2011/02/26 v2.8 - flexible LaTeX tabulars (FC)

(/afs/cs.wisc.edu/s/texlive-2011/amd64_rhel5/texmf-dist/tex/latex/varwidth/varw
idth.sty
Package: varwidth 2009/03/30 ver 0.92;  Variable-width minipages
\@vwid@box=\box37
\sift@deathcycles=\count140
\@vwid@loff=\dimen167
\@vwid@roff=\dimen168
)
\c@taburow=\count141
\tabu@nbcols=\count142
\tabu@cnt=\count143
\tabu@Xcol=\count144
\tabu@alloc=\count145
\tabu@nested=\count146
\tabu@target=\dimen169
\tabu@spreadtarget=\dimen170
\tabu@naturalX=\dimen171
\tabucolX=\dimen172
\tabu@Xsum=\dimen173
\extrarowdepth=\dimen174
\abovetabulinesep=\dimen175
\belowtabulinesep=\dimen176
\tabustrutrule=\dimen177
\tabu@thebody=\toks36
\tabu@footnotes=\toks37
\tabu@box=\box38
\tabu@arstrutbox=\box39
\tabu@hleads=\box40
\tabu@vleads=\box41
\tabu@cellskip=\skip99
)
(/afs/cs.wisc.edu/s/texlive-2011/amd64_rhel5/texmf-dist/tex/latex/stmaryrd/stma
ryrd.sty
Package: stmaryrd 1994/03/03 St Mary's Road symbol package
\symstmry=\mathgroup7
LaTeX Font Info:    Overwriting symbol font `stmry' in version `bold'
(Font)                  U/stmry/m/n --> U/stmry/b/n on input line 89.
)
(/afs/cs.wisc.edu/s/texlive-2011/amd64_rhel5/texmf-dist/tex/latex/listings/list
ings.sty
\lst@mode=\count147
\lst@gtempboxa=\box42
\lst@token=\toks38
\lst@length=\count148
\lst@currlwidth=\dimen178
\lst@column=\count149
\lst@pos=\count150
\lst@lostspace=\dimen179
\lst@width=\dimen180
\lst@newlines=\count151
\lst@lineno=\count152
\lst@maxwidth=\dimen181

(/afs/cs.wisc.edu/s/texlive-2011/amd64_rhel5/texmf-dist/tex/latex/listings/lstm
isc.sty
File: lstmisc.sty 2007/02/22 1.4 (Carsten Heinz)
\c@lstnumber=\count153
\lst@skipnumbers=\count154
\lst@framebox=\box43
)
(/afs/cs.wisc.edu/s/texlive-2011/amd64_rhel5/texmf-dist/tex/latex/listings/list
ings.cfg
File: listings.cfg 2007/02/22 1.4 listings configuration
))
Package: listings 2007/02/22 1.4 (Carsten Heinz)

(/afs/cs.wisc.edu/s/texlive-2011/amd64_rhel5/texmf-dist/tex/latex/cancel/cancel
.sty
Package: cancel 2000/03/12 v2.1 Cancel math terms
)
(/afs/cs.wisc.edu/s/texlive-2011/amd64_rhel5/texmf-dist/tex/latex/amsfonts/amss
ymb.sty
Package: amssymb 2009/06/22 v3.00

(/afs/cs.wisc.edu/s/texlive-2011/amd64_rhel5/texmf-dist/tex/latex/amsfonts/amsf
onts.sty
Package: amsfonts 2009/06/22 v3.00 Basic AMSFonts support
\symAMSa=\mathgroup8
\symAMSb=\mathgroup9
LaTeX Font Info:    Overwriting math alphabet `\mathfrak' in version `bold'
(Font)                  U/euf/m/n --> U/euf/b/n on input line 96.
)
LaTeX Font Info:    Redeclaring math symbol \boxdot on input line 39.
)
(/afs/cs.wisc.edu/s/texlive-2011/amd64_rhel5/texmf-dist/tex/latex/psnfss/pifont
.sty
Package: pifont 2005/04/12 PSNFSS-v9.2a Pi font support (SPQR) 
LaTeX Font Info:    Try loading font information for U+pzd on input line 63.

(/afs/cs.wisc.edu/s/texlive-2011/amd64_rhel5/texmf-dist/tex/latex/psnfss/upzd.f
d
File: upzd.fd 2001/06/04 font definitions for U/pzd.
)
LaTeX Font Info:    Try loading font information for U+psy on input line 64.

(/afs/cs.wisc.edu/s/texlive-2011/amd64_rhel5/texmf-dist/tex/latex/psnfss/upsy.f
d
File: upsy.fd 2001/06/04 font definitions for U/psy.
))
(/afs/cs.wisc.edu/s/texlive-2011/amd64_rhel5/texmf-dist/tex/latex/fixme/fixme.s
ty
Package: fixme 2009/09/30 v4.1 Insert fixme notes in your documents

(/afs/cs.wisc.edu/s/texlive-2011/amd64_rhel5/texmf-dist/tex/latex/xkeyval/xkeyv
al.sty
Package: xkeyval 2008/08/13 v2.6a package option processing (HA)

(/afs/cs.wisc.edu/s/texlive-2011/amd64_rhel5/texmf-dist/tex/generic/xkeyval/xke
yval.tex
\XKV@toks=\toks39
\XKV@tempa@toks=\toks40
\XKV@depth=\count155
File: xkeyval.tex 2008/08/13 v2.6a key=value parser (HA)
))
\c@fixmecount=\count156
\c@fxnotecount=\count157
\c@fxwarningcount=\count158
\c@fxerrorcount=\count159
\c@fxfatalcount=\count160
)
(/afs/cs.wisc.edu/s/texlive-2011/amd64_rhel5/texmf/tex/latex/pgf/frontendlayer/
tikz.sty
(/afs/cs.wisc.edu/s/texlive-2011/amd64_rhel5/texmf/tex/latex/pgf/basiclayer/pgf
.sty
(/afs/cs.wisc.edu/s/texlive-2011/amd64_rhel5/texmf/tex/latex/pgf/utilities/pgfr
cs.sty
(/afs/cs.wisc.edu/s/texlive-2011/amd64_rhel5/texmf/tex/generic/pgf/utilities/pg
futil-common.tex
\pgfutil@everybye=\toks41
\pgfutil@tempdima=\dimen182
\pgfutil@tempdimb=\dimen183

(/afs/cs.wisc.edu/s/texlive-2011/amd64_rhel5/texmf/tex/generic/pgf/utilities/pg
futil-common-lists.tex))
(/afs/cs.wisc.edu/s/texlive-2011/amd64_rhel5/texmf/tex/generic/pgf/utilities/pg
futil-latex.def
\pgfutil@abb=\box44

(/afs/cs.wisc.edu/s/texlive-2011/amd64_rhel5/texmf-dist/tex/latex/ms/everyshi.s
ty
Package: everyshi 2001/05/15 v3.00 EveryShipout Package (MS)
))
(/afs/cs.wisc.edu/s/texlive-2011/amd64_rhel5/texmf/tex/generic/pgf/utilities/pg
frcs.code.tex
Package: pgfrcs 2013/12/20 v3.0.0 (rcs-revision 1.28)
))
Package: pgf 2013/12/18 v3.0.0 (rcs-revision 1.14)

(/afs/cs.wisc.edu/s/texlive-2011/amd64_rhel5/texmf/tex/latex/pgf/basiclayer/pgf
core.sty
(/afs/cs.wisc.edu/s/texlive-2011/amd64_rhel5/texmf/tex/latex/pgf/systemlayer/pg
fsys.sty
(/afs/cs.wisc.edu/s/texlive-2011/amd64_rhel5/texmf/tex/generic/pgf/systemlayer/
pgfsys.code.tex
Package: pgfsys 2013/11/30 v3.0.0 (rcs-revision 1.47)

(/afs/cs.wisc.edu/s/texlive-2011/amd64_rhel5/texmf/tex/generic/pgf/utilities/pg
fkeys.code.tex
\pgfkeys@pathtoks=\toks42
\pgfkeys@temptoks=\toks43

(/afs/cs.wisc.edu/s/texlive-2011/amd64_rhel5/texmf/tex/generic/pgf/utilities/pg
fkeysfiltered.code.tex
\pgfkeys@tmptoks=\toks44
))
\pgf@x=\dimen184
\pgf@y=\dimen185
\pgf@xa=\dimen186
\pgf@ya=\dimen187
\pgf@xb=\dimen188
\pgf@yb=\dimen189
\pgf@xc=\dimen190
\pgf@yc=\dimen191
\w@pgf@writea=\write3
\r@pgf@reada=\read2
\c@pgf@counta=\count161
\c@pgf@countb=\count162
\c@pgf@countc=\count163
\c@pgf@countd=\count164
\t@pgf@toka=\toks45
\t@pgf@tokb=\toks46
\t@pgf@tokc=\toks47

(/afs/cs.wisc.edu/s/texlive-2011/amd64_rhel5/texmf/tex/generic/pgf/systemlayer/
pgf.cfg
File: pgf.cfg 2008/05/14  (rcs-revision 1.7)
)
Driver file for pgf: pgfsys-pdftex.def

(/afs/cs.wisc.edu/s/texlive-2011/amd64_rhel5/texmf/tex/generic/pgf/systemlayer/
pgfsys-pdftex.def
File: pgfsys-pdftex.def 2013/07/18  (rcs-revision 1.33)

(/afs/cs.wisc.edu/s/texlive-2011/amd64_rhel5/texmf/tex/generic/pgf/systemlayer/
pgfsys-common-pdf.def
File: pgfsys-common-pdf.def 2013/10/10  (rcs-revision 1.13)
)))
(/afs/cs.wisc.edu/s/texlive-2011/amd64_rhel5/texmf/tex/generic/pgf/systemlayer/
pgfsyssoftpath.code.tex
File: pgfsyssoftpath.code.tex 2013/09/09  (rcs-revision 1.9)
\pgfsyssoftpath@smallbuffer@items=\count165
\pgfsyssoftpath@bigbuffer@items=\count166
)
(/afs/cs.wisc.edu/s/texlive-2011/amd64_rhel5/texmf/tex/generic/pgf/systemlayer/
pgfsysprotocol.code.tex
File: pgfsysprotocol.code.tex 2006/10/16  (rcs-revision 1.4)
))
(/afs/cs.wisc.edu/s/texlive-2011/amd64_rhel5/texmf/tex/generic/pgf/basiclayer/p
gfcore.code.tex
Package: pgfcore 2010/04/11 v3.0.0 (rcs-revision 1.7)

(/afs/cs.wisc.edu/s/texlive-2011/amd64_rhel5/texmf/tex/generic/pgf/math/pgfmath
.code.tex
(/afs/cs.wisc.edu/s/texlive-2011/amd64_rhel5/texmf/tex/generic/pgf/math/pgfmath
calc.code.tex
(/afs/cs.wisc.edu/s/texlive-2011/amd64_rhel5/texmf/tex/generic/pgf/math/pgfmath
util.code.tex)
(/afs/cs.wisc.edu/s/texlive-2011/amd64_rhel5/texmf/tex/generic/pgf/math/pgfmath
parser.code.tex
\pgfmath@dimen=\dimen192
\pgfmath@count=\count167
\pgfmath@box=\box45
\pgfmath@toks=\toks48
\pgfmath@stack@operand=\toks49
\pgfmath@stack@operation=\toks50
)
(/afs/cs.wisc.edu/s/texlive-2011/amd64_rhel5/texmf/tex/generic/pgf/math/pgfmath
functions.code.tex
(/afs/cs.wisc.edu/s/texlive-2011/amd64_rhel5/texmf/tex/generic/pgf/math/pgfmath
functions.basic.code.tex)
(/afs/cs.wisc.edu/s/texlive-2011/amd64_rhel5/texmf/tex/generic/pgf/math/pgfmath
functions.trigonometric.code.tex)
(/afs/cs.wisc.edu/s/texlive-2011/amd64_rhel5/texmf/tex/generic/pgf/math/pgfmath
functions.random.code.tex)
(/afs/cs.wisc.edu/s/texlive-2011/amd64_rhel5/texmf/tex/generic/pgf/math/pgfmath
functions.comparison.code.tex)
(/afs/cs.wisc.edu/s/texlive-2011/amd64_rhel5/texmf/tex/generic/pgf/math/pgfmath
functions.base.code.tex)
(/afs/cs.wisc.edu/s/texlive-2011/amd64_rhel5/texmf/tex/generic/pgf/math/pgfmath
functions.round.code.tex)
(/afs/cs.wisc.edu/s/texlive-2011/amd64_rhel5/texmf/tex/generic/pgf/math/pgfmath
functions.misc.code.tex)
(/afs/cs.wisc.edu/s/texlive-2011/amd64_rhel5/texmf/tex/generic/pgf/math/pgfmath
functions.integerarithmetics.code.tex)))
(/afs/cs.wisc.edu/s/texlive-2011/amd64_rhel5/texmf/tex/generic/pgf/math/pgfmath
float.code.tex
\c@pgfmathroundto@lastzeros=\count168
))
(/afs/cs.wisc.edu/s/texlive-2011/amd64_rhel5/texmf/tex/generic/pgf/basiclayer/p
gfcorepoints.code.tex
File: pgfcorepoints.code.tex 2013/10/07  (rcs-revision 1.27)
\pgf@picminx=\dimen193
\pgf@picmaxx=\dimen194
\pgf@picminy=\dimen195
\pgf@picmaxy=\dimen196
\pgf@pathminx=\dimen197
\pgf@pathmaxx=\dimen198
\pgf@pathminy=\dimen199
\pgf@pathmaxy=\dimen200
\pgf@xx=\dimen201
\pgf@xy=\dimen202
\pgf@yx=\dimen203
\pgf@yy=\dimen204
\pgf@zx=\dimen205
\pgf@zy=\dimen206
)
(/afs/cs.wisc.edu/s/texlive-2011/amd64_rhel5/texmf/tex/generic/pgf/basiclayer/p
gfcorepathconstruct.code.tex
File: pgfcorepathconstruct.code.tex 2013/10/07  (rcs-revision 1.29)
\pgf@path@lastx=\dimen207
\pgf@path@lasty=\dimen208
)
(/afs/cs.wisc.edu/s/texlive-2011/amd64_rhel5/texmf/tex/generic/pgf/basiclayer/p
gfcorepathusage.code.tex
File: pgfcorepathusage.code.tex 2013/12/13  (rcs-revision 1.23)
\pgf@shorten@end@additional=\dimen209
\pgf@shorten@start@additional=\dimen210
)
(/afs/cs.wisc.edu/s/texlive-2011/amd64_rhel5/texmf/tex/generic/pgf/basiclayer/p
gfcorescopes.code.tex
File: pgfcorescopes.code.tex 2013/10/09  (rcs-revision 1.44)
\pgfpic=\box46
\pgf@hbox=\box47
\pgf@layerbox@main=\box48
\pgf@picture@serial@count=\count169
)
(/afs/cs.wisc.edu/s/texlive-2011/amd64_rhel5/texmf/tex/generic/pgf/basiclayer/p
gfcoregraphicstate.code.tex
File: pgfcoregraphicstate.code.tex 2013/09/19  (rcs-revision 1.11)
\pgflinewidth=\dimen211
)
(/afs/cs.wisc.edu/s/texlive-2011/amd64_rhel5/texmf/tex/generic/pgf/basiclayer/p
gfcoretransformations.code.tex
File: pgfcoretransformations.code.tex 2013/10/10  (rcs-revision 1.17)
\pgf@pt@x=\dimen212
\pgf@pt@y=\dimen213
\pgf@pt@temp=\dimen214
)
(/afs/cs.wisc.edu/s/texlive-2011/amd64_rhel5/texmf/tex/generic/pgf/basiclayer/p
gfcorequick.code.tex
File: pgfcorequick.code.tex 2008/10/09  (rcs-revision 1.3)
)
(/afs/cs.wisc.edu/s/texlive-2011/amd64_rhel5/texmf/tex/generic/pgf/basiclayer/p
gfcoreobjects.code.tex
File: pgfcoreobjects.code.tex 2006/10/11  (rcs-revision 1.2)
)
(/afs/cs.wisc.edu/s/texlive-2011/amd64_rhel5/texmf/tex/generic/pgf/basiclayer/p
gfcorepathprocessing.code.tex
File: pgfcorepathprocessing.code.tex 2013/09/09  (rcs-revision 1.9)
)
(/afs/cs.wisc.edu/s/texlive-2011/amd64_rhel5/texmf/tex/generic/pgf/basiclayer/p
gfcorearrows.code.tex
File: pgfcorearrows.code.tex 2013/11/07  (rcs-revision 1.40)
\pgfarrowsep=\dimen215
)
(/afs/cs.wisc.edu/s/texlive-2011/amd64_rhel5/texmf/tex/generic/pgf/basiclayer/p
gfcoreshade.code.tex
File: pgfcoreshade.code.tex 2013/07/15  (rcs-revision 1.15)
\pgf@max=\dimen216
\pgf@sys@shading@range@num=\count170
)
(/afs/cs.wisc.edu/s/texlive-2011/amd64_rhel5/texmf/tex/generic/pgf/basiclayer/p
gfcoreimage.code.tex
File: pgfcoreimage.code.tex 2013/07/15  (rcs-revision 1.18)

(/afs/cs.wisc.edu/s/texlive-2011/amd64_rhel5/texmf/tex/generic/pgf/basiclayer/p
gfcoreexternal.code.tex
File: pgfcoreexternal.code.tex 2013/07/15  (rcs-revision 1.20)
\pgfexternal@startupbox=\box49
))
(/afs/cs.wisc.edu/s/texlive-2011/amd64_rhel5/texmf/tex/generic/pgf/basiclayer/p
gfcorelayers.code.tex
File: pgfcorelayers.code.tex 2013/07/18  (rcs-revision 1.7)
)
(/afs/cs.wisc.edu/s/texlive-2011/amd64_rhel5/texmf/tex/generic/pgf/basiclayer/p
gfcoretransparency.code.tex
File: pgfcoretransparency.code.tex 2013/09/30  (rcs-revision 1.5)
)
(/afs/cs.wisc.edu/s/texlive-2011/amd64_rhel5/texmf/tex/generic/pgf/basiclayer/p
gfcorepatterns.code.tex
File: pgfcorepatterns.code.tex 2013/11/07  (rcs-revision 1.5)
)))
(/afs/cs.wisc.edu/s/texlive-2011/amd64_rhel5/texmf/tex/generic/pgf/modules/pgfm
oduleshapes.code.tex
File: pgfmoduleshapes.code.tex 2013/10/31  (rcs-revision 1.34)
\pgfnodeparttextbox=\box50
)
(/afs/cs.wisc.edu/s/texlive-2011/amd64_rhel5/texmf/tex/generic/pgf/modules/pgfm
oduleplot.code.tex
File: pgfmoduleplot.code.tex 2013/07/31  (rcs-revision 1.12)
)
(/afs/cs.wisc.edu/s/texlive-2011/amd64_rhel5/texmf/tex/latex/pgf/compatibility/
pgfcomp-version-0-65.sty
Package: pgfcomp-version-0-65 2007/07/03 v3.0.0 (rcs-revision 1.7)
\pgf@nodesepstart=\dimen217
\pgf@nodesepend=\dimen218
)
(/afs/cs.wisc.edu/s/texlive-2011/amd64_rhel5/texmf/tex/latex/pgf/compatibility/
pgfcomp-version-1-18.sty
Package: pgfcomp-version-1-18 2007/07/23 v3.0.0 (rcs-revision 1.1)
))
(/afs/cs.wisc.edu/s/texlive-2011/amd64_rhel5/texmf/tex/latex/pgf/utilities/pgff
or.sty
(/afs/cs.wisc.edu/s/texlive-2011/amd64_rhel5/texmf/tex/latex/pgf/utilities/pgfk
eys.sty
(/afs/cs.wisc.edu/s/texlive-2011/amd64_rhel5/texmf/tex/generic/pgf/utilities/pg
fkeys.code.tex))
(/afs/cs.wisc.edu/s/texlive-2011/amd64_rhel5/texmf/tex/latex/pgf/math/pgfmath.s
ty
(/afs/cs.wisc.edu/s/texlive-2011/amd64_rhel5/texmf/tex/generic/pgf/math/pgfmath
.code.tex))
(/afs/cs.wisc.edu/s/texlive-2011/amd64_rhel5/texmf/tex/generic/pgf/utilities/pg
ffor.code.tex
Package: pgffor 2013/12/13 v3.0.0 (rcs-revision 1.25)

(/afs/cs.wisc.edu/s/texlive-2011/amd64_rhel5/texmf/tex/generic/pgf/math/pgfmath
.code.tex)
\pgffor@iter=\dimen219
\pgffor@skip=\dimen220
\pgffor@stack=\toks51
\pgffor@toks=\toks52
))
(/afs/cs.wisc.edu/s/texlive-2011/amd64_rhel5/texmf/tex/generic/pgf/frontendlaye
r/tikz/tikz.code.tex
Package: tikz 2013/12/13 v3.0.0 (rcs-revision 1.142)

(/afs/cs.wisc.edu/s/texlive-2011/amd64_rhel5/texmf/tex/generic/pgf/libraries/pg
flibraryplothandlers.code.tex
File: pgflibraryplothandlers.code.tex 2013/08/31 v3.0.0 (rcs-revision 1.20)
\pgf@plot@mark@count=\count171
\pgfplotmarksize=\dimen221
)
\tikz@lastx=\dimen222
\tikz@lasty=\dimen223
\tikz@lastxsaved=\dimen224
\tikz@lastysaved=\dimen225
\tikzleveldistance=\dimen226
\tikzsiblingdistance=\dimen227
\tikz@figbox=\box51
\tikz@figbox@bg=\box52
\tikz@tempbox=\box53
\tikz@tempbox@bg=\box54
\tikztreelevel=\count172
\tikznumberofchildren=\count173
\tikznumberofcurrentchild=\count174
\tikz@fig@count=\count175

(/afs/cs.wisc.edu/s/texlive-2011/amd64_rhel5/texmf/tex/generic/pgf/modules/pgfm
odulematrix.code.tex
File: pgfmodulematrix.code.tex 2013/09/17  (rcs-revision 1.8)
\pgfmatrixcurrentrow=\count176
\pgfmatrixcurrentcolumn=\count177
\pgf@matrix@numberofcolumns=\count178
)
\tikz@expandcount=\count179

(/afs/cs.wisc.edu/s/texlive-2011/amd64_rhel5/texmf/tex/generic/pgf/frontendlaye
r/tikz/libraries/tikzlibrarytopaths.code.tex
File: tikzlibrarytopaths.code.tex 2008/06/17 v3.0.0 (rcs-revision 1.2)
)))
(/afs/cs.wisc.edu/s/texlive-2011/amd64_rhel5/texmf/tex/generic/pgf/frontendlaye
r/tikz/libraries/tikzlibrarycalc.code.tex
File: tikzlibrarycalc.code.tex 2013/07/15 v3.0.0 (rcs-revision 1.9)
) (./main.aux)
\openout1 = `main.aux'.

LaTeX Font Info:    Checking defaults for OML/cmm/m/it on input line 76.
LaTeX Font Info:    ... okay on input line 76.
LaTeX Font Info:    Checking defaults for T1/cmr/m/n on input line 76.
LaTeX Font Info:    ... okay on input line 76.
LaTeX Font Info:    Checking defaults for OT1/cmr/m/n on input line 76.
LaTeX Font Info:    ... okay on input line 76.
LaTeX Font Info:    Checking defaults for OMS/cmsy/m/n on input line 76.
LaTeX Font Info:    ... okay on input line 76.
LaTeX Font Info:    Checking defaults for OMX/cmex/m/n on input line 76.
LaTeX Font Info:    ... okay on input line 76.
LaTeX Font Info:    Checking defaults for U/cmr/m/n on input line 76.
LaTeX Font Info:    ... okay on input line 76.
LaTeX Font Info:    Checking defaults for PD1/pdf/m/n on input line 76.
LaTeX Font Info:    ... okay on input line 76.
LaTeX Font Info:    Checking defaults for PU/pdf/m/n on input line 76.
LaTeX Font Info:    ... okay on input line 76.
LaTeX Font Info:    Checking defaults for TS1/cmr/m/n on input line 76.
LaTeX Font Info:    Try loading font information for TS1+cmr on input line 76.

(/afs/cs.wisc.edu/s/texlive-2011/amd64_rhel5/texmf-dist/tex/latex/base/ts1cmr.f
d
File: ts1cmr.fd 1999/05/25 v2.5h Standard LaTeX font definitions
)
LaTeX Font Info:    ... okay on input line 76.
LaTeX Font Info:    Try loading font information for T1+ptm on input line 76.

(/afs/cs.wisc.edu/s/texlive-2011/amd64_rhel5/texmf-dist/tex/latex/psnfss/t1ptm.
fd
File: t1ptm.fd 2001/06/04 font definitions for T1/ptm.
)
(/afs/cs.wisc.edu/s/texlive-2011/amd64_rhel5/texmf-dist/tex/context/base/supp-p
df.mkii
[Loading MPS to PDF converter (version 2006.09.02).]
\scratchcounter=\count180
\scratchdimen=\dimen228
\scratchbox=\box55
\nofMPsegments=\count181
\nofMParguments=\count182
\everyMPshowfont=\toks53
\MPscratchCnt=\count183
\MPscratchDim=\dimen229
\MPnumerator=\count184
\makeMPintoPDFobject=\count185
\everyMPtoPDFconversion=\toks54
)
LaTeX Info: Redefining \microtypecontext on input line 76.
Package microtype Info: Generating PDF output.
Package microtype Info: Character protrusion enabled (level 2).
Package microtype Info: Using default protrusion set `alltext'.
Package microtype Info: Automatic font expansion enabled (level 2),
(microtype)             stretch: 20, shrink: 20, step: 1, non-selected.
Package microtype Info: Using default expansion set `basictext'.
Package microtype Info: No tracking.
Package microtype Info: No adjustment of interword spacing.
Package microtype Info: No adjustment of character kerning.

(/afs/cs.wisc.edu/s/texlive-2011/amd64_rhel5/texmf-dist/tex/latex/microtype/mt-
ptm.cfg
File: mt-ptm.cfg 2006/04/20 v1.7 microtype config. file: Times (RS)
)
*geometry* driver: auto-detecting
*geometry* detected driver: pdftex
*geometry* verbose mode - [ preamble ] result:
* driver: pdftex
* paper: <default>
* layout: <same size as paper>
* layoutoffset:(h,v)=(0.0pt,0.0pt)
* modes: 
* h-part:(L,W,R)=(54.2025pt, 505.89pt, 54.2025pt)
* v-part:(T,H,B)=(72.26999pt, 650.43001pt, 72.26999pt)
* \paperwidth=614.295pt
* \paperheight=794.96999pt
* \textwidth=505.89pt
* \textheight=650.43001pt
* \oddsidemargin=-18.06749pt
* \evensidemargin=-18.06749pt
* \topmargin=-37.0pt
* \headheight=12.0pt
* \headsep=25.0pt
* \topskip=10.0pt
* \footskip=30.0pt
* \marginparwidth=46.97505pt
* \marginparsep=10.0pt
* \columnsep=18.06749pt
* \skip\footins=9.0pt plus 4.0pt minus 2.0pt
* \hoffset=0.0pt
* \voffset=0.0pt
* \mag=1000
* \@twocolumntrue
* \@twosidefalse
* \@mparswitchfalse
* \@reversemarginfalse
* (1in=72.27pt=25.4mm, 1cm=28.453pt)

Package caption Info: Begin \AtBeginDocument code.
Package caption Info: subfig package v1.3 is loaded.
Package caption Info: float package is loaded.
Package caption Info: hyperref package is loaded.
Package caption Info: listings package is loaded.
Package caption Info: rotating package is loaded.
Package caption Info: wrapfig package is loaded.
Package caption Info: End \AtBeginDocument code.

(/afs/cs.wisc.edu/s/texlive-2011/amd64_rhel5/texmf-dist/tex/latex/oberdiek/epst
opdf-base.sty
Package: epstopdf-base 2010/02/09 v2.5 Base part for package epstopdf

(/afs/cs.wisc.edu/s/texlive-2011/amd64_rhel5/texmf-dist/tex/latex/oberdiek/grfe
xt.sty
Package: grfext 2010/08/19 v1.1 Managing graphics extensions (HO)
)
Package grfext Info: Graphics extension search list:
(grfext)             [.png,.pdf,.jpg,.mps,.jpeg,.jbig2,.jb2,.PNG,.PDF,.JPG,.JPE
G,.JBIG2,.JB2,.eps]
(grfext)             \AppendGraphicsExtensions on input line 452.

(/afs/cs.wisc.edu/s/texlive-2011/amd64_rhel5/texmf-dist/tex/latex/latexconfig/e
pstopdf-sys.cfg
File: epstopdf-sys.cfg 2010/07/13 v1.3 Configuration of (r)epstopdf for TeX Liv
e
))
\AtBeginShipoutBox=\box56
Package hyperref Info: Link coloring ON on input line 76.

(/afs/cs.wisc.edu/s/texlive-2011/amd64_rhel5/texmf-dist/tex/latex/hyperref/name
ref.sty
Package: nameref 2010/04/30 v2.40 Cross-referencing by name of section

(/afs/cs.wisc.edu/s/texlive-2011/amd64_rhel5/texmf-dist/tex/generic/oberdiek/ge
ttitlestring.sty
Package: gettitlestring 2010/12/03 v1.4 Cleanup title references (HO)
)
\c@section@level=\count186
)
LaTeX Info: Redefining \ref on input line 76.
LaTeX Info: Redefining \pageref on input line 76.
LaTeX Info: Redefining \nameref on input line 76.
 (./main.out) (./main.out)
\@outlinefile=\write4
\openout4 = `main.out'.


Option `squaren' provided! 
 Command \squaren defined by SIunits package!

LaTeX Info: Redefining \selectfont on input line 76.
\c@lstlisting=\count187
ABD: EveryShipout initializing macros (./title.tex)
LaTeX Font Info:    Font shape `T1/ptm/bx/n' in size <14.4> not available
(Font)              Font shape `T1/ptm/b/n' tried instead on input line 94.
LaTeX Font Info:    Font shape `T1/ptm/bx/it' in size <14.4> not available
(Font)              Font shape `T1/ptm/b/it' tried instead on input line 94.
LaTeX Font Info:    Try loading font information for OT1+ztmcm on input line 94
.

(/afs/cs.wisc.edu/s/texlive-2011/amd64_rhel5/texmf-dist/tex/latex/psnfss/ot1ztm
cm.fd
File: ot1ztmcm.fd 2000/01/03 Fontinst v1.801 font definitions for OT1/ztmcm.
)
LaTeX Font Info:    Try loading font information for OML+ztmcm on input line 94
.

(/afs/cs.wisc.edu/s/texlive-2011/amd64_rhel5/texmf-dist/tex/latex/psnfss/omlztm
cm.fd
File: omlztmcm.fd 2000/01/03 Fontinst v1.801 font definitions for OML/ztmcm.
)
LaTeX Font Info:    Try loading font information for OMS+ztmcm on input line 94
.

(/afs/cs.wisc.edu/s/texlive-2011/amd64_rhel5/texmf-dist/tex/latex/psnfss/omsztm
cm.fd
File: omsztmcm.fd 2000/01/03 Fontinst v1.801 font definitions for OMS/ztmcm.
)
LaTeX Font Info:    Try loading font information for OMX+ztmcm on input line 94
.

(/afs/cs.wisc.edu/s/texlive-2011/amd64_rhel5/texmf-dist/tex/latex/psnfss/omxztm
cm.fd
File: omxztmcm.fd 2000/01/03 Fontinst v1.801 font definitions for OMX/ztmcm.
)
LaTeX Font Info:    Try loading font information for OT1+ptm on input line 94.

(/afs/cs.wisc.edu/s/texlive-2011/amd64_rhel5/texmf-dist/tex/latex/psnfss/ot1ptm
.fd
File: ot1ptm.fd 2001/06/04 font definitions for OT1/ptm.
)
LaTeX Font Info:    Font shape `OT1/ptm/bx/n' in size <12> not available
(Font)              Font shape `OT1/ptm/b/n' tried instead on input line 94.
LaTeX Font Info:    Font shape `OT1/ptm/bx/n' in size <9> not available
(Font)              Font shape `OT1/ptm/b/n' tried instead on input line 94.
LaTeX Font Info:    Font shape `OT1/ptm/bx/n' in size <7> not available
(Font)              Font shape `OT1/ptm/b/n' tried instead on input line 94.

(/afs/cs.wisc.edu/s/texlive-2011/amd64_rhel5/texmf-dist/tex/latex/microtype/mt-
eur.cfg
File: mt-eur.cfg 2006/07/31 v1.1 microtype config. file: AMS Euler Roman (RS)
)
LaTeX Font Info:    Try loading font information for U+stmry on input line 94.

(/afs/cs.wisc.edu/s/texlive-2011/amd64_rhel5/texmf-dist/tex/latex/stmaryrd/Ustm
ry.fd)
(/afs/cs.wisc.edu/s/texlive-2011/amd64_rhel5/texmf-dist/tex/latex/microtype/mt-
msa.cfg
File: mt-msa.cfg 2006/02/04 v1.1 microtype config. file: AMS symbols (a) (RS)
)
(/afs/cs.wisc.edu/s/texlive-2011/amd64_rhel5/texmf-dist/tex/latex/microtype/mt-
msb.cfg
File: mt-msb.cfg 2005/06/01 v1.0 microtype config. file: AMS symbols (b) (RS)
) (./abstract.tex
LaTeX Font Info:    Font shape `T1/ptm/bx/n' in size <12> not available
(Font)              Font shape `T1/ptm/b/n' tried instead on input line 1.
) (./motivation.tex
Underfull \vbox (badness 10000) has occurred while \output is active []

)
(./arch.tex
LaTeX Font Info:    Font shape `T1/ptm/bx/n' in size <10> not available
(Font)              Font shape `T1/ptm/b/n' tried instead on input line 11.
 [1{/afs/cs.wisc.edu/s/texlive-2011/amd64_rhel5/texmf-var/fonts/map/pdftex/updm
ap/pdftex.map}


]
LaTeX Font Info:    Try loading font information for T1+pcrs on input line 38.

(/afs/cs.wisc.edu/s/texlive-2011/amd64_rhel5/texmf-dist/tex/latex/courier-scale
d/t1pcrs.fd
File: t1pcrs.fd 2004/07/09 scalable font definitions for T1/pcrs.
)
LaTeX Font Info:    Font shape `T1/pcrs/m/n' will be
(Font)              scaled to size 8.75pt on input line 38.

Underfull \hbox (badness 2443) in paragraph at lines 46--53
[] []\T1/ptm/b/n/10 Com-mu-ni-ca-tion Spe-cial-iza-tion[] \T1/ptm/m/n/10 (+20) 
Com-mu-ni-ca-tion is the
 []

<figs/fabric_5p.pdf, id=66, 324.21124pt x 197.73875pt>
File: figs/fabric_5p.pdf Graphic file (type pdf)

<use figs/fabric_5p.pdf>
Package pdftex.def Info: figs/fabric_5p.pdf used on input line 74.
(pdftex.def)             Requested size: 243.91125pt x 148.76534pt.
LaTeX Font Info:    Try loading font information for T1+phv on input line 76.

(/afs/cs.wisc.edu/s/texlive-2011/amd64_rhel5/texmf-dist/tex/latex/psnfss/t1phv.
fd
File: t1phv.fd 2001/06/04 scalable font definitions for T1/phv.
)
LaTeX Font Info:    Font shape `T1/phv/m/n' will be
(Font)              scaled to size 8.32993pt on input line 76.
LaTeX Font Info:    Font shape `T1/phv/bx/n' in size <10> not available
(Font)              Font shape `T1/phv/b/n' tried instead on input line 76.
LaTeX Font Info:    Font shape `T1/phv/b/n' will be
(Font)              scaled to size 8.32993pt on input line 76.

Underfull \hbox (badness 1102) in paragraph at lines 95--110
[]\T1/ptm/m/n/10 (+20) Achieving \T1/ptm/m/it/10 (+20) com-mu-ni-ca-tion \T1/pt
m/m/n/10 (+20) spe-cial-iza-tion of in-ter-me-di-
 []

[2 <./figs/fabric_5p.pdf>]
<figs/example_prog.pdf, id=96, 386.44376pt x 176.66pt>
File: figs/example_prog.pdf Graphic file (type pdf)

<use figs/example_prog.pdf>
Package pdftex.def Info: figs/example_prog.pdf used on input line 174.
(pdftex.def)             Requested size: 243.91125pt x 111.50125pt.
) (./plan.tex
LaTeX Font Info:    Try loading font information for OMS+ptm on input line 8.

(/afs/cs.wisc.edu/s/texlive-2011/amd64_rhel5/texmf-dist/tex/latex/psnfss/omsptm
.fd
File: omsptm.fd 
)
LaTeX Font Info:    Font shape `OMS/ptm/m/n' in size <10> not available
(Font)              Font shape `OMS/cmsy/m/n' tried instead on input line 8.
 [3 <./figs/example_prog.pdf>]) (./meth.tex) (./related.tex) (./main.bbl
Underfull \hbox (badness 2698) in paragraph at lines 42--45
[]\T1/ptm/m/n/8 (+20) R. Col-well, ``The chip de-sign game at the end of moore'
s
 []


Underfull \hbox (badness 10000) in paragraph at lines 42--45
\T1/ptm/m/n/8 (+20) law.'' Hot Chips, 2013, http://www.hotchips.org/wp-
 []


Underfull \hbox (badness 10000) in paragraph at lines 42--45
\T1/ptm/m/n/8 (+20) content/uploads/hc_archives/hc25/HC25.15-keynote1-Chipdesig
n-
 []


Underfull \hbox (badness 10000) in paragraph at lines 42--45
\T1/ptm/m/n/8 (+20) epub/HC25.26.190-Keynote1-ChipDesignGame-Colwell-
 []


Underfull \hbox (badness 3758) in paragraph at lines 126--129
[]\T1/ptm/m/n/8 (+20) B. Suther-land, ``No moore? a golden rule of mi-crochips
 []


Underfull \hbox (badness 1859) in paragraph at lines 126--129
\T1/ptm/m/n/8 (+20) ap-pears to be com-ing to an end.'' The Economist, 2013,
 []

LaTeX Font Info:    Font shape `OT1/ptm/bx/n' in size <8> not available
(Font)              Font shape `OT1/ptm/b/n' tried instead on input line 141.
LaTeX Font Info:    Font shape `OT1/ptm/bx/n' in size <6> not available
(Font)              Font shape `OT1/ptm/b/n' tried instead on input line 141.
LaTeX Font Info:    Font shape `OT1/ptm/bx/n' in size <5> not available
(Font)              Font shape `OT1/ptm/b/n' tried instead on input line 141.
)

FiXme Summary: Number of notes: 0,
(FiXme)        Number of warnings: 0,
(FiXme)        Number of errors: 0,
(FiXme)        Number of fatal errors: 0,
(FiXme)        Total: 0.

[4]
Package atveryend Info: Empty hook `BeforeClearDocument' on input line 110.
Package atveryend Info: Empty hook `AfterLastShipout' on input line 110.
 (./main.aux)
Package atveryend Info: Executing hook `AtVeryEndDocument' on input line 110.
Package atveryend Info: Executing hook `AtEndAfterFileList' on input line 110.
Package rerunfilecheck Info: File `main.out' has not changed.
(rerunfilecheck)             Checksum: 58BF988EB01C157F4388F5B3863914E4;1011.
 ) 
Here is how much of TeX's memory you used:
 26717 strings out of 493629
 464968 string characters out of 3134964
 584129 words of memory out of 3000000
 29087 multiletter control sequences out of 15000+200000
 77528 words of font info for 306 fonts, out of 3000000 for 9000
 831 hyphenation exceptions out of 8191
 55i,9n,74p,766b,526s stack positions out of 5000i,500n,10000p,200000b,50000s
{/afs/cs.wisc.edu/s/texlive-2011/amd64_rhel5/texmf-dist/fonts/enc/dvips/base/
8r.enc}</afs/cs.wisc.edu/s/texlive-2011/amd64_rhel5/texmf-dist/fonts/type1/publ
ic/amsfonts/cm/cmsy10.pfb></afs/cs.wisc.edu/s/texlive-2011/amd64_rhel5/texmf-di
st/fonts/type1/urw/courier/ucrr8a.pfb></afs/cs.wisc.edu/s/texlive-2011/amd64_rh
el5/texmf-dist/fonts/type1/urw/helvetic/uhvb8a.pfb></afs/cs.wisc.edu/s/texlive-
2011/amd64_rhel5/texmf-dist/fonts/type1/urw/times/utmb8a.pfb></afs/cs.wisc.edu/
s/texlive-2011/amd64_rhel5/texmf-dist/fonts/type1/urw/times/utmbi8a.pfb></afs/c
s.wisc.edu/s/texlive-2011/amd64_rhel5/texmf-dist/fonts/type1/urw/times/utmr8a.p
fb></afs/cs.wisc.edu/s/texlive-2011/amd64_rhel5/texmf-dist/fonts/type1/urw/time
s/utmri8a.pfb>
Output written on main.pdf (4 pages, 333885 bytes).
PDF statistics:
 194 PDF objects out of 1000 (max. 8388607)
 170 compressed objects within 2 object streams
 43 named destinations out of 1000 (max. 500000)
 44111 words of extra memory for PDF output out of 51595 (max. 10000000)

