# NV_Warning: The legacy Command Line Profiler is deprecated and will be no longer available as of the next major release of the CUDA toolkit. Please use nvprof.
# CUDA_PROFILE_LOG_VERSION 2.0
# CUDA_DEVICE 0 GeForce GTX 480
# CUDA_CONTEXT 1
# TIMESTAMPFACTOR 140217b862dbcd3e
method,gputime,cputime,occupancy
method=[ _Z14gpu_function_1v ] gputime=[ 3.104 ] cputime=[ 16.817 ] occupancy=[ 0.333 ] 
method=[ _Z14gpu_function_2v ] gputime=[ 1.472 ] cputime=[ 13.368 ] occupancy=[ 0.333 ] 
method=[ _Z14gpu_function_1v ] gputime=[ 1.952 ] cputime=[ 9.466 ] occupancy=[ 0.333 ] 
method=[ _Z14gpu_function_2v ] gputime=[ 1.408 ] cputime=[ 5.387 ] occupancy=[ 0.333 ] 
method=[ _Z14gpu_function_1v ] gputime=[ 1.984 ] cputime=[ 9.793 ] occupancy=[ 0.333 ] 
method=[ _Z14gpu_function_2v ] gputime=[ 1.440 ] cputime=[ 4.945 ] occupancy=[ 0.333 ] 
method=[ _Z14gpu_function_1v ] gputime=[ 1.952 ] cputime=[ 9.016 ] occupancy=[ 0.333 ] 
method=[ _Z14gpu_function_2v ] gputime=[ 1.440 ] cputime=[ 4.698 ] occupancy=[ 0.333 ] 
method=[ _Z14gpu_function_1v ] gputime=[ 1.952 ] cputime=[ 8.805 ] occupancy=[ 0.333 ] 
method=[ _Z14gpu_function_2v ] gputime=[ 1.408 ] cputime=[ 4.673 ] occupancy=[ 0.333 ] 
method=[ _Z14gpu_function_1v ] gputime=[ 1.952 ] cputime=[ 8.774 ] occupancy=[ 0.333 ] 
method=[ _Z14gpu_function_2v ] gputime=[ 1.440 ] cputime=[ 5.000 ] occupancy=[ 0.333 ] 
method=[ _Z14gpu_function_1v ] gputime=[ 1.984 ] cputime=[ 8.840 ] occupancy=[ 0.333 ] 
method=[ _Z14gpu_function_2v ] gputime=[ 1.440 ] cputime=[ 4.626 ] occupancy=[ 0.333 ] 
method=[ _Z14gpu_function_1v ] gputime=[ 1.984 ] cputime=[ 7.890 ] occupancy=[ 0.333 ] 
method=[ _Z14gpu_function_2v ] gputime=[ 1.440 ] cputime=[ 4.003 ] occupancy=[ 0.333 ] 
method=[ _Z14gpu_function_1v ] gputime=[ 1.952 ] cputime=[ 7.899 ] occupancy=[ 0.333 ] 
method=[ _Z14gpu_function_2v ] gputime=[ 1.408 ] cputime=[ 4.401 ] occupancy=[ 0.333 ] 
method=[ _Z14gpu_function_1v ] gputime=[ 1.952 ] cputime=[ 7.671 ] occupancy=[ 0.333 ] 
method=[ _Z14gpu_function_2v ] gputime=[ 1.440 ] cputime=[ 4.073 ] occupancy=[ 0.333 ] 
method=[ _Z14gpu_function_1v ] gputime=[ 1.952 ] cputime=[ 7.719 ] occupancy=[ 0.333 ] 
method=[ _Z14gpu_function_2v ] gputime=[ 1.440 ] cputime=[ 3.991 ] occupancy=[ 0.333 ] 
method=[ _Z14gpu_function_1v ] gputime=[ 1.984 ] cputime=[ 7.759 ] occupancy=[ 0.333 ] 
method=[ _Z14gpu_function_2v ] gputime=[ 1.440 ] cputime=[ 3.986 ] occupancy=[ 0.333 ] 
